                                 Started job on |	Jun 28 16:43:45
                             Started mapping on |	Jun 28 16:44:37
                                    Finished on |	Jun 28 16:44:40
       Mapping speed, Million of reads per hour |	0.02

                          Number of input reads |	13
                      Average input read length |	91
                                    UNIQUE READS:
                   Uniquely mapped reads number |	11
                        Uniquely mapped reads % |	84.62%
                          Average mapped length |	85.73
                       Number of splices: Total |	3
            Number of splices: Annotated (sjdb) |	3
                       Number of splices: GT/AG |	3
                       Number of splices: GC/AG |	0
                       Number of splices: AT/AC |	0
               Number of splices: Non-canonical |	0
                      Mismatch rate per base, % |	0.32%
                         Deletion rate per base |	0.00%
                        Deletion average length |	0.00
                        Insertion rate per base |	0.00%
                       Insertion average length |	0.00
                             MULTI-MAPPING READS:
        Number of reads mapped to multiple loci |	0
             % of reads mapped to multiple loci |	0.00%
        Number of reads mapped to too many loci |	0
             % of reads mapped to too many loci |	0.00%
                                  UNMAPPED READS:
       % of reads unmapped: too many mismatches |	0.00%
                 % of reads unmapped: too short |	15.38%
                     % of reads unmapped: other |	0.00%
                                  CHIMERIC READS:
                       Number of chimeric reads |	0
                            % of chimeric reads |	0.00%
