                                 Started job on |	Jun 28 17:10:06
                             Started mapping on |	Jun 28 17:10:58
                                    Finished on |	Jun 28 17:11:01
       Mapping speed, Million of reads per hour |	0.03

                          Number of input reads |	24
                      Average input read length |	91
                                    UNIQUE READS:
                   Uniquely mapped reads number |	18
                        Uniquely mapped reads % |	75.00%
                          Average mapped length |	87.94
                       Number of splices: Total |	10
            Number of splices: Annotated (sjdb) |	10
                       Number of splices: GT/AG |	9
                       Number of splices: GC/AG |	1
                       Number of splices: AT/AC |	0
               Number of splices: Non-canonical |	0
                      Mismatch rate per base, % |	0.00%
                         Deletion rate per base |	0.00%
                        Deletion average length |	0.00
                        Insertion rate per base |	0.00%
                       Insertion average length |	0.00
                             MULTI-MAPPING READS:
        Number of reads mapped to multiple loci |	5
             % of reads mapped to multiple loci |	20.83%
        Number of reads mapped to too many loci |	0
             % of reads mapped to too many loci |	0.00%
                                  UNMAPPED READS:
       % of reads unmapped: too many mismatches |	0.00%
                 % of reads unmapped: too short |	4.17%
                     % of reads unmapped: other |	0.00%
                                  CHIMERIC READS:
                       Number of chimeric reads |	0
                            % of chimeric reads |	0.00%
