                                 Started job on |	Jun 28 16:57:49
                             Started mapping on |	Jun 28 16:58:43
                                    Finished on |	Jun 28 16:58:46
       Mapping speed, Million of reads per hour |	0.02

                          Number of input reads |	17
                      Average input read length |	91
                                    UNIQUE READS:
                   Uniquely mapped reads number |	16
                        Uniquely mapped reads % |	94.12%
                          Average mapped length |	89.31
                       Number of splices: Total |	7
            Number of splices: Annotated (sjdb) |	7
                       Number of splices: GT/AG |	7
                       Number of splices: GC/AG |	0
                       Number of splices: AT/AC |	0
               Number of splices: Non-canonical |	0
                      Mismatch rate per base, % |	0.14%
                         Deletion rate per base |	0.00%
                        Deletion average length |	0.00
                        Insertion rate per base |	0.07%
                       Insertion average length |	1.00
                             MULTI-MAPPING READS:
        Number of reads mapped to multiple loci |	1
             % of reads mapped to multiple loci |	5.88%
        Number of reads mapped to too many loci |	0
             % of reads mapped to too many loci |	0.00%
                                  UNMAPPED READS:
       % of reads unmapped: too many mismatches |	0.00%
                 % of reads unmapped: too short |	0.00%
                     % of reads unmapped: other |	0.00%
                                  CHIMERIC READS:
                       Number of chimeric reads |	0
                            % of chimeric reads |	0.00%
