                                 Started job on |	Jun 28 16:53:11
                             Started mapping on |	Jun 28 16:54:03
                                    Finished on |	Jun 28 16:54:06
       Mapping speed, Million of reads per hour |	0.07

                          Number of input reads |	59
                      Average input read length |	91
                                    UNIQUE READS:
                   Uniquely mapped reads number |	54
                        Uniquely mapped reads % |	91.53%
                          Average mapped length |	86.59
                       Number of splices: Total |	9
            Number of splices: Annotated (sjdb) |	8
                       Number of splices: GT/AG |	8
                       Number of splices: GC/AG |	0
                       Number of splices: AT/AC |	0
               Number of splices: Non-canonical |	1
                      Mismatch rate per base, % |	0.30%
                         Deletion rate per base |	0.00%
                        Deletion average length |	0.00
                        Insertion rate per base |	0.00%
                       Insertion average length |	0.00
                             MULTI-MAPPING READS:
        Number of reads mapped to multiple loci |	5
             % of reads mapped to multiple loci |	8.47%
        Number of reads mapped to too many loci |	0
             % of reads mapped to too many loci |	0.00%
                                  UNMAPPED READS:
       % of reads unmapped: too many mismatches |	0.00%
                 % of reads unmapped: too short |	0.00%
                     % of reads unmapped: other |	0.00%
                                  CHIMERIC READS:
                       Number of chimeric reads |	0
                            % of chimeric reads |	0.00%
