                                 Started job on |	Jun 28 17:07:18
                             Started mapping on |	Jun 28 17:08:12
                                    Finished on |	Jun 28 17:08:15
       Mapping speed, Million of reads per hour |	0.03

                          Number of input reads |	29
                      Average input read length |	91
                                    UNIQUE READS:
                   Uniquely mapped reads number |	27
                        Uniquely mapped reads % |	93.10%
                          Average mapped length |	88.04
                       Number of splices: Total |	4
            Number of splices: Annotated (sjdb) |	4
                       Number of splices: GT/AG |	4
                       Number of splices: GC/AG |	0
                       Number of splices: AT/AC |	0
               Number of splices: Non-canonical |	0
                      Mismatch rate per base, % |	0.08%
                         Deletion rate per base |	0.08%
                        Deletion average length |	2.00
                        Insertion rate per base |	0.04%
                       Insertion average length |	1.00
                             MULTI-MAPPING READS:
        Number of reads mapped to multiple loci |	2
             % of reads mapped to multiple loci |	6.90%
        Number of reads mapped to too many loci |	0
             % of reads mapped to too many loci |	0.00%
                                  UNMAPPED READS:
       % of reads unmapped: too many mismatches |	0.00%
                 % of reads unmapped: too short |	0.00%
                     % of reads unmapped: other |	0.00%
                                  CHIMERIC READS:
                       Number of chimeric reads |	0
                            % of chimeric reads |	0.00%
