                                 Started job on |	Jun 28 17:00:39
                             Started mapping on |	Jun 28 17:01:30
                                    Finished on |	Jun 28 17:01:33
       Mapping speed, Million of reads per hour |	0.05

                          Number of input reads |	42
                      Average input read length |	91
                                    UNIQUE READS:
                   Uniquely mapped reads number |	41
                        Uniquely mapped reads % |	97.62%
                          Average mapped length |	87.76
                       Number of splices: Total |	6
            Number of splices: Annotated (sjdb) |	6
                       Number of splices: GT/AG |	6
                       Number of splices: GC/AG |	0
                       Number of splices: AT/AC |	0
               Number of splices: Non-canonical |	0
                      Mismatch rate per base, % |	0.22%
                         Deletion rate per base |	0.00%
                        Deletion average length |	0.00
                        Insertion rate per base |	0.00%
                       Insertion average length |	0.00
                             MULTI-MAPPING READS:
        Number of reads mapped to multiple loci |	1
             % of reads mapped to multiple loci |	2.38%
        Number of reads mapped to too many loci |	0
             % of reads mapped to too many loci |	0.00%
                                  UNMAPPED READS:
       % of reads unmapped: too many mismatches |	0.00%
                 % of reads unmapped: too short |	0.00%
                     % of reads unmapped: other |	0.00%
                                  CHIMERIC READS:
                       Number of chimeric reads |	0
                            % of chimeric reads |	0.00%
