                                 Started job on |	Jun 28 17:12:00
                             Started mapping on |	Jun 28 17:12:52
                                    Finished on |	Jun 28 17:12:55
       Mapping speed, Million of reads per hour |	0.09

                          Number of input reads |	72
                      Average input read length |	91
                                    UNIQUE READS:
                   Uniquely mapped reads number |	67
                        Uniquely mapped reads % |	93.06%
                          Average mapped length |	88.43
                       Number of splices: Total |	14
            Number of splices: Annotated (sjdb) |	14
                       Number of splices: GT/AG |	14
                       Number of splices: GC/AG |	0
                       Number of splices: AT/AC |	0
               Number of splices: Non-canonical |	0
                      Mismatch rate per base, % |	0.19%
                         Deletion rate per base |	0.00%
                        Deletion average length |	0.00
                        Insertion rate per base |	0.00%
                       Insertion average length |	0.00
                             MULTI-MAPPING READS:
        Number of reads mapped to multiple loci |	3
             % of reads mapped to multiple loci |	4.17%
        Number of reads mapped to too many loci |	0
             % of reads mapped to too many loci |	0.00%
                                  UNMAPPED READS:
       % of reads unmapped: too many mismatches |	0.00%
                 % of reads unmapped: too short |	2.78%
                     % of reads unmapped: other |	0.00%
                                  CHIMERIC READS:
                       Number of chimeric reads |	0
                            % of chimeric reads |	0.00%
