                                 Started job on |	Jun 28 17:15:44
                             Started mapping on |	Jun 28 17:16:36
                                    Finished on |	Jun 28 17:16:39
       Mapping speed, Million of reads per hour |	0.05

                          Number of input reads |	39
                      Average input read length |	91
                                    UNIQUE READS:
                   Uniquely mapped reads number |	38
                        Uniquely mapped reads % |	97.44%
                          Average mapped length |	89.63
                       Number of splices: Total |	6
            Number of splices: Annotated (sjdb) |	6
                       Number of splices: GT/AG |	6
                       Number of splices: GC/AG |	0
                       Number of splices: AT/AC |	0
               Number of splices: Non-canonical |	0
                      Mismatch rate per base, % |	0.47%
                         Deletion rate per base |	0.03%
                        Deletion average length |	1.00
                        Insertion rate per base |	0.00%
                       Insertion average length |	0.00
                             MULTI-MAPPING READS:
        Number of reads mapped to multiple loci |	1
             % of reads mapped to multiple loci |	2.56%
        Number of reads mapped to too many loci |	0
             % of reads mapped to too many loci |	0.00%
                                  UNMAPPED READS:
       % of reads unmapped: too many mismatches |	0.00%
                 % of reads unmapped: too short |	0.00%
                     % of reads unmapped: other |	0.00%
                                  CHIMERIC READS:
                       Number of chimeric reads |	0
                            % of chimeric reads |	0.00%
