                                 Started job on |	Jun 28 16:49:24
                             Started mapping on |	Jun 28 16:50:16
                                    Finished on |	Jun 28 16:50:19
       Mapping speed, Million of reads per hour |	0.02

                          Number of input reads |	13
                      Average input read length |	91
                                    UNIQUE READS:
                   Uniquely mapped reads number |	12
                        Uniquely mapped reads % |	92.31%
                          Average mapped length |	88.75
                       Number of splices: Total |	4
            Number of splices: Annotated (sjdb) |	4
                       Number of splices: GT/AG |	4
                       Number of splices: GC/AG |	0
                       Number of splices: AT/AC |	0
               Number of splices: Non-canonical |	0
                      Mismatch rate per base, % |	0.38%
                         Deletion rate per base |	0.00%
                        Deletion average length |	0.00
                        Insertion rate per base |	0.00%
                       Insertion average length |	0.00
                             MULTI-MAPPING READS:
        Number of reads mapped to multiple loci |	1
             % of reads mapped to multiple loci |	7.69%
        Number of reads mapped to too many loci |	0
             % of reads mapped to too many loci |	0.00%
                                  UNMAPPED READS:
       % of reads unmapped: too many mismatches |	0.00%
                 % of reads unmapped: too short |	0.00%
                     % of reads unmapped: other |	0.00%
                                  CHIMERIC READS:
                       Number of chimeric reads |	0
                            % of chimeric reads |	0.00%
