                                 Started job on |	Jun 28 16:48:27
                             Started mapping on |	Jun 28 16:49:21
                                    Finished on |	Jun 28 16:49:24
       Mapping speed, Million of reads per hour |	0.03

                          Number of input reads |	26
                      Average input read length |	91
                                    UNIQUE READS:
                   Uniquely mapped reads number |	24
                        Uniquely mapped reads % |	92.31%
                          Average mapped length |	88.54
                       Number of splices: Total |	8
            Number of splices: Annotated (sjdb) |	8
                       Number of splices: GT/AG |	8
                       Number of splices: GC/AG |	0
                       Number of splices: AT/AC |	0
               Number of splices: Non-canonical |	0
                      Mismatch rate per base, % |	0.14%
                         Deletion rate per base |	0.00%
                        Deletion average length |	0.00
                        Insertion rate per base |	0.00%
                       Insertion average length |	0.00
                             MULTI-MAPPING READS:
        Number of reads mapped to multiple loci |	1
             % of reads mapped to multiple loci |	3.85%
        Number of reads mapped to too many loci |	0
             % of reads mapped to too many loci |	0.00%
                                  UNMAPPED READS:
       % of reads unmapped: too many mismatches |	0.00%
                 % of reads unmapped: too short |	3.85%
                     % of reads unmapped: other |	0.00%
                                  CHIMERIC READS:
                       Number of chimeric reads |	0
                            % of chimeric reads |	0.00%
