                                 Started job on |	Jun 28 17:09:11
                             Started mapping on |	Jun 28 17:10:03
                                    Finished on |	Jun 28 17:10:06
       Mapping speed, Million of reads per hour |	0.06

                          Number of input reads |	52
                      Average input read length |	91
                                    UNIQUE READS:
                   Uniquely mapped reads number |	48
                        Uniquely mapped reads % |	92.31%
                          Average mapped length |	89.92
                       Number of splices: Total |	14
            Number of splices: Annotated (sjdb) |	14
                       Number of splices: GT/AG |	14
                       Number of splices: GC/AG |	0
                       Number of splices: AT/AC |	0
               Number of splices: Non-canonical |	0
                      Mismatch rate per base, % |	0.21%
                         Deletion rate per base |	0.00%
                        Deletion average length |	0.00
                        Insertion rate per base |	0.05%
                       Insertion average length |	1.00
                             MULTI-MAPPING READS:
        Number of reads mapped to multiple loci |	3
             % of reads mapped to multiple loci |	5.77%
        Number of reads mapped to too many loci |	0
             % of reads mapped to too many loci |	0.00%
                                  UNMAPPED READS:
       % of reads unmapped: too many mismatches |	0.00%
                 % of reads unmapped: too short |	1.92%
                     % of reads unmapped: other |	0.00%
                                  CHIMERIC READS:
                       Number of chimeric reads |	0
                            % of chimeric reads |	0.00%
