                                 Started job on |	Jun 28 16:47:29
                             Started mapping on |	Jun 28 16:48:24
                                    Finished on |	Jun 28 16:48:27
       Mapping speed, Million of reads per hour |	0.03

                          Number of input reads |	29
                      Average input read length |	91
                                    UNIQUE READS:
                   Uniquely mapped reads number |	23
                        Uniquely mapped reads % |	79.31%
                          Average mapped length |	89.52
                       Number of splices: Total |	4
            Number of splices: Annotated (sjdb) |	4
                       Number of splices: GT/AG |	4
                       Number of splices: GC/AG |	0
                       Number of splices: AT/AC |	0
               Number of splices: Non-canonical |	0
                      Mismatch rate per base, % |	0.15%
                         Deletion rate per base |	0.00%
                        Deletion average length |	0.00
                        Insertion rate per base |	0.00%
                       Insertion average length |	0.00
                             MULTI-MAPPING READS:
        Number of reads mapped to multiple loci |	4
             % of reads mapped to multiple loci |	13.79%
        Number of reads mapped to too many loci |	0
             % of reads mapped to too many loci |	0.00%
                                  UNMAPPED READS:
       % of reads unmapped: too many mismatches |	0.00%
                 % of reads unmapped: too short |	6.90%
                     % of reads unmapped: other |	0.00%
                                  CHIMERIC READS:
                       Number of chimeric reads |	0
                            % of chimeric reads |	0.00%
