                                 Started job on |	Jun 28 16:42:50
                             Started mapping on |	Jun 28 16:43:42
                                    Finished on |	Jun 28 16:43:45
       Mapping speed, Million of reads per hour |	0.06

                          Number of input reads |	48
                      Average input read length |	91
                                    UNIQUE READS:
                   Uniquely mapped reads number |	42
                        Uniquely mapped reads % |	87.50%
                          Average mapped length |	88.55
                       Number of splices: Total |	12
            Number of splices: Annotated (sjdb) |	12
                       Number of splices: GT/AG |	12
                       Number of splices: GC/AG |	0
                       Number of splices: AT/AC |	0
               Number of splices: Non-canonical |	0
                      Mismatch rate per base, % |	0.16%
                         Deletion rate per base |	0.00%
                        Deletion average length |	0.00
                        Insertion rate per base |	0.00%
                       Insertion average length |	0.00
                             MULTI-MAPPING READS:
        Number of reads mapped to multiple loci |	4
             % of reads mapped to multiple loci |	8.33%
        Number of reads mapped to too many loci |	0
             % of reads mapped to too many loci |	0.00%
                                  UNMAPPED READS:
       % of reads unmapped: too many mismatches |	0.00%
                 % of reads unmapped: too short |	4.17%
                     % of reads unmapped: other |	0.00%
                                  CHIMERIC READS:
                       Number of chimeric reads |	0
                            % of chimeric reads |	0.00%
