                                 Started job on |	Jun 28 17:11:01
                             Started mapping on |	Jun 28 17:11:57
                                    Finished on |	Jun 28 17:12:00
       Mapping speed, Million of reads per hour |	0.11

                          Number of input reads |	91
                      Average input read length |	91
                                    UNIQUE READS:
                   Uniquely mapped reads number |	80
                        Uniquely mapped reads % |	87.91%
                          Average mapped length |	88.21
                       Number of splices: Total |	24
            Number of splices: Annotated (sjdb) |	24
                       Number of splices: GT/AG |	24
                       Number of splices: GC/AG |	0
                       Number of splices: AT/AC |	0
               Number of splices: Non-canonical |	0
                      Mismatch rate per base, % |	0.20%
                         Deletion rate per base |	0.01%
                        Deletion average length |	1.00
                        Insertion rate per base |	0.01%
                       Insertion average length |	1.00
                             MULTI-MAPPING READS:
        Number of reads mapped to multiple loci |	6
             % of reads mapped to multiple loci |	6.59%
        Number of reads mapped to too many loci |	0
             % of reads mapped to too many loci |	0.00%
                                  UNMAPPED READS:
       % of reads unmapped: too many mismatches |	0.00%
                 % of reads unmapped: too short |	5.49%
                     % of reads unmapped: other |	0.00%
                                  CHIMERIC READS:
                       Number of chimeric reads |	0
                            % of chimeric reads |	0.00%
