                                 Started job on |	Jun 28 16:58:47
                             Started mapping on |	Jun 28 16:59:39
                                    Finished on |	Jun 28 16:59:42
       Mapping speed, Million of reads per hour |	0.02

                          Number of input reads |	19
                      Average input read length |	91
                                    UNIQUE READS:
                   Uniquely mapped reads number |	16
                        Uniquely mapped reads % |	84.21%
                          Average mapped length |	86.44
                       Number of splices: Total |	4
            Number of splices: Annotated (sjdb) |	4
                       Number of splices: GT/AG |	4
                       Number of splices: GC/AG |	0
                       Number of splices: AT/AC |	0
               Number of splices: Non-canonical |	0
                      Mismatch rate per base, % |	0.58%
                         Deletion rate per base |	0.00%
                        Deletion average length |	0.00
                        Insertion rate per base |	0.00%
                       Insertion average length |	0.00
                             MULTI-MAPPING READS:
        Number of reads mapped to multiple loci |	3
             % of reads mapped to multiple loci |	15.79%
        Number of reads mapped to too many loci |	0
             % of reads mapped to too many loci |	0.00%
                                  UNMAPPED READS:
       % of reads unmapped: too many mismatches |	0.00%
                 % of reads unmapped: too short |	0.00%
                     % of reads unmapped: other |	0.00%
                                  CHIMERIC READS:
                       Number of chimeric reads |	0
                            % of chimeric reads |	0.00%
