                                 Started job on |	Jun 28 17:13:53
                             Started mapping on |	Jun 28 17:14:45
                                    Finished on |	Jun 28 17:14:48
       Mapping speed, Million of reads per hour |	0.04

                          Number of input reads |	32
                      Average input read length |	91
                                    UNIQUE READS:
                   Uniquely mapped reads number |	30
                        Uniquely mapped reads % |	93.75%
                          Average mapped length |	89.40
                       Number of splices: Total |	7
            Number of splices: Annotated (sjdb) |	7
                       Number of splices: GT/AG |	7
                       Number of splices: GC/AG |	0
                       Number of splices: AT/AC |	0
               Number of splices: Non-canonical |	0
                      Mismatch rate per base, % |	0.37%
                         Deletion rate per base |	0.00%
                        Deletion average length |	0.00
                        Insertion rate per base |	0.00%
                       Insertion average length |	0.00
                             MULTI-MAPPING READS:
        Number of reads mapped to multiple loci |	1
             % of reads mapped to multiple loci |	3.12%
        Number of reads mapped to too many loci |	0
             % of reads mapped to too many loci |	0.00%
                                  UNMAPPED READS:
       % of reads unmapped: too many mismatches |	0.00%
                 % of reads unmapped: too short |	3.12%
                     % of reads unmapped: other |	0.00%
                                  CHIMERIC READS:
                       Number of chimeric reads |	0
                            % of chimeric reads |	0.00%
