STAR version=STAR_2.5.2b
STAR compilation time,server,dir=Thu Aug 18 22:07:29 UTC 2016 :/Users/travis/build/alexdobin/travis-tests/STARcompile/source
##### DEFAULT parameters:
versionSTAR                       20201
versionGenome                     20101   20200   
parametersFiles                   -   
sysShell                          -
runMode                           alignReads
runThreadN                        1
runDirPerm                        User_RWX
runRNGseed                        777
genomeDir                         ./GenomeDir/
genomeLoad                        NoSharedMemory
genomeFastaFiles                  -   
genomeSAindexNbases               14
genomeChrBinNbits                 18
genomeSAsparseD                   1
genomeSuffixLengthMax             18446744073709551615
readFilesIn                       Read1   Read2   
readFilesCommand                  -   
readMatesLengthsIn                NotEqual
readMapNumber                     18446744073709551615
readNameSeparator                 /   
inputBAMfile                      -
bamRemoveDuplicatesType           -
bamRemoveDuplicatesMate2basesN    0
limitGenomeGenerateRAM            31000000000
limitIObufferSize                 150000000
limitOutSAMoneReadBytes           100000
limitOutSJcollapsed               1000000
limitOutSJoneRead                 1000
limitBAMsortRAM                   0
limitSjdbInsertNsj                1000000
outTmpDir                         -
outTmpKeep                        None
outStd                            Log
outReadsUnmapped                  None
outQSconversionAdd                0
outMultimapperOrder               Old_2.4
outSAMtype                        SAM   
outSAMmode                        Full
outSAMstrandField                 None
outSAMattributes                  Standard   
outSAMunmapped                    None   
outSAMorder                       Paired
outSAMprimaryFlag                 OneBestScore
outSAMreadID                      Standard
outSAMmapqUnique                  255
outSAMflagOR                      0
outSAMflagAND                     65535
outSAMattrRGline                  -   
outSAMheaderHD                    -   
outSAMheaderPG                    -   
outSAMheaderCommentFile           -
outBAMcompression                 1
outBAMsortingThreadN              0
outSAMfilter                      None   
outSAMmultNmax                    18446744073709551615
outSAMattrIHstart                 1
outSJfilterReads                  All
outSJfilterCountUniqueMin         3   1   1   1   
outSJfilterCountTotalMin          3   1   1   1   
outSJfilterOverhangMin            30   12   12   12   
outSJfilterDistToOtherSJmin       10   0   5   10   
outSJfilterIntronMaxVsReadN       50000   100000   200000   
outWigType                        None   
outWigStrand                      Stranded   
outWigReferencesPrefix            -
outWigNorm                        RPM   
outFilterType                     Normal
outFilterMultimapNmax             10
outFilterMultimapScoreRange       1
outFilterScoreMin                 0
outFilterScoreMinOverLread        0.66
outFilterMatchNmin                0
outFilterMatchNminOverLread       0.66
outFilterMismatchNmax             10
outFilterMismatchNoverLmax        0.3
outFilterMismatchNoverReadLmax    1
outFilterIntronMotifs             None
clip5pNbases                      0   
clip3pNbases                      0   
clip3pAfterAdapterNbases          0   
clip3pAdapterSeq                  -   
clip3pAdapterMMp                  0.1   
winBinNbits                       16
winAnchorDistNbins                9
winFlankNbins                     4
winAnchorMultimapNmax             50
winReadCoverageRelativeMin        0.5
winReadCoverageBasesMin           0
scoreGap                          0
scoreGapNoncan                    -8
scoreGapGCAG                      -4
scoreGapATAC                      -8
scoreStitchSJshift                1
scoreGenomicLengthLog2scale       -0.25
scoreDelBase                      -2
scoreDelOpen                      -2
scoreInsOpen                      -2
scoreInsBase                      -2
seedSearchLmax                    0
seedSearchStartLmax               50
seedSearchStartLmaxOverLread      1
seedPerReadNmax                   1000
seedPerWindowNmax                 50
seedNoneLociPerWindow             10
seedMultimapNmax                  10000
alignIntronMin                    21
alignIntronMax                    0
alignMatesGapMax                  0
alignTranscriptsPerReadNmax       10000
alignSJoverhangMin                5
alignSJDBoverhangMin              3
alignSJstitchMismatchNmax         0   -1   0   0   
alignSplicedMateMapLmin           0
alignSplicedMateMapLminOverLmate    0.66
alignWindowsPerReadNmax           10000
alignTranscriptsPerWindowNmax     100
alignEndsType                     Local
alignSoftClipAtReferenceEnds      Yes
alignEndsProtrude                 0   ConcordantPair   
chimSegmentMin                    0
chimScoreMin                      0
chimScoreDropMax                  20
chimScoreSeparation               10
chimScoreJunctionNonGTAG          -1
chimJunctionOverhangMin           20
chimOutType                       SeparateSAMold
chimFilter                        banGenomicN   
chimSegmentReadGapMax             0
sjdbFileChrStartEnd               -   
sjdbGTFfile                       -
sjdbGTFchrPrefix                  -
sjdbGTFfeatureExon                exon
sjdbGTFtagExonParentTranscript    transcript_id
sjdbGTFtagExonParentGene          gene_id
sjdbOverhang                      100
sjdbScore                         2
sjdbInsertSave                    Basic
quantMode                         -   
quantTranscriptomeBAMcompression    1
quantTranscriptomeBan             IndelSoftclipSingleend
twopass1readsN                    18446744073709551615
twopassMode                       None
##### Command Line:
/Volumes/MacintoshHD_RNA/Users/rna/PROGRAMS/STAR-2.5.2b/bin/MacOSX_x86_64/STAR --runThreadN 4 --genomeDir /Volumes/MacintoshHD_RNA/Users/rna/REFERENCE/HUMAN/Ensembl_GRCh37_hg19/STAR_genome_index --readFilesIn PilotCROP_C_1_S1_SORTED_GROUPS/neg8/neg8.fastq --outSAMtype BAM Unsorted SortedByCoordinate --outFileNamePrefix PilotCROP_C_1_S1_SORTED_GROUPS/neg8/
##### Initial USER parameters from Command Line:
outFileNamePrefix                 PilotCROP_C_1_S1_SORTED_GROUPS/neg8/
###### All USER parameters from Command Line:
runThreadN                    4     ~RE-DEFINED
genomeDir                     /Volumes/MacintoshHD_RNA/Users/rna/REFERENCE/HUMAN/Ensembl_GRCh37_hg19/STAR_genome_index     ~RE-DEFINED
readFilesIn                   PilotCROP_C_1_S1_SORTED_GROUPS/neg8/neg8.fastq        ~RE-DEFINED
outSAMtype                    BAM   Unsorted   SortedByCoordinate        ~RE-DEFINED
outFileNamePrefix             PilotCROP_C_1_S1_SORTED_GROUPS/neg8/     ~RE-DEFINED
##### Finished reading parameters from all sources

##### Final user re-defined parameters-----------------:
runThreadN                        4
genomeDir                         /Volumes/MacintoshHD_RNA/Users/rna/REFERENCE/HUMAN/Ensembl_GRCh37_hg19/STAR_genome_index
readFilesIn                       PilotCROP_C_1_S1_SORTED_GROUPS/neg8/neg8.fastq   
outFileNamePrefix                 PilotCROP_C_1_S1_SORTED_GROUPS/neg8/
outSAMtype                        BAM   Unsorted   SortedByCoordinate   

-------------------------------
##### Final effective command line:
/Volumes/MacintoshHD_RNA/Users/rna/PROGRAMS/STAR-2.5.2b/bin/MacOSX_x86_64/STAR   --runThreadN 4   --genomeDir /Volumes/MacintoshHD_RNA/Users/rna/REFERENCE/HUMAN/Ensembl_GRCh37_hg19/STAR_genome_index   --readFilesIn PilotCROP_C_1_S1_SORTED_GROUPS/neg8/neg8.fastq      --outFileNamePrefix PilotCROP_C_1_S1_SORTED_GROUPS/neg8/   --outSAMtype BAM   Unsorted   SortedByCoordinate   

##### Final parameters after user input--------------------------------:
versionSTAR                       20201
versionGenome                     20101   20200   
parametersFiles                   -   
sysShell                          -
runMode                           alignReads
runThreadN                        4
runDirPerm                        User_RWX
runRNGseed                        777
genomeDir                         /Volumes/MacintoshHD_RNA/Users/rna/REFERENCE/HUMAN/Ensembl_GRCh37_hg19/STAR_genome_index
genomeLoad                        NoSharedMemory
genomeFastaFiles                  -   
genomeSAindexNbases               14
genomeChrBinNbits                 18
genomeSAsparseD                   1
genomeSuffixLengthMax             18446744073709551615
readFilesIn                       PilotCROP_C_1_S1_SORTED_GROUPS/neg8/neg8.fastq   
readFilesCommand                  -   
readMatesLengthsIn                NotEqual
readMapNumber                     18446744073709551615
readNameSeparator                 /   
inputBAMfile                      -
bamRemoveDuplicatesType           -
bamRemoveDuplicatesMate2basesN    0
limitGenomeGenerateRAM            31000000000
limitIObufferSize                 150000000
limitOutSAMoneReadBytes           100000
limitOutSJcollapsed               1000000
limitOutSJoneRead                 1000
limitBAMsortRAM                   0
limitSjdbInsertNsj                1000000
outFileNamePrefix                 PilotCROP_C_1_S1_SORTED_GROUPS/neg8/
outTmpDir                         -
outTmpKeep                        None
outStd                            Log
outReadsUnmapped                  None
outQSconversionAdd                0
outMultimapperOrder               Old_2.4
outSAMtype                        BAM   Unsorted   SortedByCoordinate   
outSAMmode                        Full
outSAMstrandField                 None
outSAMattributes                  Standard   
outSAMunmapped                    None   
outSAMorder                       Paired
outSAMprimaryFlag                 OneBestScore
outSAMreadID                      Standard
outSAMmapqUnique                  255
outSAMflagOR                      0
outSAMflagAND                     65535
outSAMattrRGline                  -   
outSAMheaderHD                    -   
outSAMheaderPG                    -   
outSAMheaderCommentFile           -
outBAMcompression                 1
outBAMsortingThreadN              0
outSAMfilter                      None   
outSAMmultNmax                    18446744073709551615
outSAMattrIHstart                 1
outSJfilterReads                  All
outSJfilterCountUniqueMin         3   1   1   1   
outSJfilterCountTotalMin          3   1   1   1   
outSJfilterOverhangMin            30   12   12   12   
outSJfilterDistToOtherSJmin       10   0   5   10   
outSJfilterIntronMaxVsReadN       50000   100000   200000   
outWigType                        None   
outWigStrand                      Stranded   
outWigReferencesPrefix            -
outWigNorm                        RPM   
outFilterType                     Normal
outFilterMultimapNmax             10
outFilterMultimapScoreRange       1
outFilterScoreMin                 0
outFilterScoreMinOverLread        0.66
outFilterMatchNmin                0
outFilterMatchNminOverLread       0.66
outFilterMismatchNmax             10
outFilterMismatchNoverLmax        0.3
outFilterMismatchNoverReadLmax    1
outFilterIntronMotifs             None
clip5pNbases                      0   
clip3pNbases                      0   
clip3pAfterAdapterNbases          0   
clip3pAdapterSeq                  -   
clip3pAdapterMMp                  0.1   
winBinNbits                       16
winAnchorDistNbins                9
winFlankNbins                     4
winAnchorMultimapNmax             50
winReadCoverageRelativeMin        0.5
winReadCoverageBasesMin           0
scoreGap                          0
scoreGapNoncan                    -8
scoreGapGCAG                      -4
scoreGapATAC                      -8
scoreStitchSJshift                1
scoreGenomicLengthLog2scale       -0.25
scoreDelBase                      -2
scoreDelOpen                      -2
scoreInsOpen                      -2
scoreInsBase                      -2
seedSearchLmax                    0
seedSearchStartLmax               50
seedSearchStartLmaxOverLread      1
seedPerReadNmax                   1000
seedPerWindowNmax                 50
seedNoneLociPerWindow             10
seedMultimapNmax                  10000
alignIntronMin                    21
alignIntronMax                    0
alignMatesGapMax                  0
alignTranscriptsPerReadNmax       10000
alignSJoverhangMin                5
alignSJDBoverhangMin              3
alignSJstitchMismatchNmax         0   -1   0   0   
alignSplicedMateMapLmin           0
alignSplicedMateMapLminOverLmate    0.66
alignWindowsPerReadNmax           10000
alignTranscriptsPerWindowNmax     100
alignEndsType                     Local
alignSoftClipAtReferenceEnds      Yes
alignEndsProtrude                 0   ConcordantPair   
chimSegmentMin                    0
chimScoreMin                      0
chimScoreDropMax                  20
chimScoreSeparation               10
chimScoreJunctionNonGTAG          -1
chimJunctionOverhangMin           20
chimOutType                       SeparateSAMold
chimFilter                        banGenomicN   
chimSegmentReadGapMax             0
sjdbFileChrStartEnd               -   
sjdbGTFfile                       -
sjdbGTFchrPrefix                  -
sjdbGTFfeatureExon                exon
sjdbGTFtagExonParentTranscript    transcript_id
sjdbGTFtagExonParentGene          gene_id
sjdbOverhang                      100
sjdbScore                         2
sjdbInsertSave                    Basic
quantMode                         -   
quantTranscriptomeBAMcompression    1
quantTranscriptomeBan             IndelSoftclipSingleend
twopass1readsN                    18446744073709551615
twopassMode                       None
----------------------------------------

WARNING: --limitBAMsortRAM=0, will use genome size as RAM limit for BAM sorting
Finished loading and checking parameters
Reading genome generation parameters:
versionGenome                 20201        ~RE-DEFINED
genomeFastaFiles              /srv/scratch/z3410204/ANNOTATION/Homo_sapiens_Ensembl_GRCh37/Homo_sapiens/Ensembl/GRCh37/Sequence/Bowtie2Index/genome.fa        ~RE-DEFINED
genomeSAindexNbases           14     ~RE-DEFINED
genomeChrBinNbits             18     ~RE-DEFINED
genomeSAsparseD               1     ~RE-DEFINED
sjdbOverhang                  100     ~RE-DEFINED
sjdbFileChrStartEnd           -        ~RE-DEFINED
sjdbGTFfile                   /srv/scratch/z3410204/ANNOTATION/Homo_sapiens_Ensembl_GRCh37/Homo_sapiens/Ensembl/GRCh37/Annotation/Genes/genes.gtf     ~RE-DEFINED
sjdbGTFchrPrefix              -     ~RE-DEFINED
sjdbGTFfeatureExon            exon     ~RE-DEFINED
sjdbGTFtagExonParentTranscripttranscript_id     ~RE-DEFINED
sjdbGTFtagExonParentGene      gene_id     ~RE-DEFINED
sjdbInsertSave                Basic     ~RE-DEFINED
Genome version is compatible with current STAR version
Number of real (reference) chromosomes= 25
1	1	249250621	0
2	2	243199373	249298944
3	3	198022430	492568576
4	4	191154276	690749440
5	5	180915260	882114560
6	6	171115067	1063256064
7	7	159138663	1234436096
8	8	146364022	1393819648
9	9	141213431	1540358144
10	10	135534747	1681653760
11	11	135006516	1817444352
12	12	133851895	1952710656
13	13	115169878	2086666240
14	14	107349540	2202009600
15	15	102531392	2309488640
16	16	90354753	2412249088
17	17	81195210	2502688768
18	18	78077248	2583953408
19	19	59128983	2662072320
20	20	63025520	2721316864
21	21	48129895	2784493568
22	22	51304566	2832728064
23	X	155270560	2884108288
24	Y	59373566	3039559680
25	MT	16569	3099066368
--sjdbOverhang = 100 taken from the generated genome
Started loading the genome: Sun Jun 28 17:14:48 2020

checking Genome sizefile size: 3168732204 bytes; state: good=1 eof=0 fail=0 bad=0
checking SA sizefile size: 24153797385 bytes; state: good=1 eof=0 fail=0 bad=0
checking /SAindex sizefile size: 1565873619 bytes; state: good=1 eof=0 fail=0 bad=0
Read from SAindex: genomeSAindexNbases=14  nSAi=357913940
nGenome=3168732204;  nSAbyte=24153797385
GstrandBit=32   SA number of indices=5855466032
Shared memory is not used for genomes. Allocated a private copy of the genome.
Genome file size: 3168732204 bytes; state: good=1 eof=0 fail=0 bad=0
Loading Genome ... done! state: good=1 eof=0 fail=0 bad=0; loaded 3168732204 bytes
SA file size: 24153797385 bytes; state: good=1 eof=0 fail=0 bad=0
Loading SA ... done! state: good=1 eof=0 fail=0 bad=0; loaded 24153797385 bytes
Loading SAindex ... done: 1565873619 bytes
Finished loading the genome: Sun Jun 28 17:15:31 2020

Sum of all Genome bytes: 5361595291
Sum of all SA bytes: 3008682847403
Sum of all SAi bytes: 184922264486
Processing splice junctions database sjdbN=345292,   sjdbOverhang=100 
alignIntronMax=alignMatesGapMax=0, the max intron size will be approximately determined by (2^winBinNbits)*winAnchorDistNbins=589824
Created thread # 1
Created thread # 2
Created thread # 3
Thread #0 end of input stream, nextChar=-1
Completed: thread #1
Completed: thread #2
Completed: thread #3
BAM sorting: 33 mapped reads
BAM sorting bins genomic start loci:
1	2	48481838
2	3	54887454
3	5	74228724
4	6	139086899
5	10	65269158
6	11	96094904
7	13	52471148
8	14	60639740
9	17	47015916
10	21	29676961
Completed: thread #0
Joined thread # 1
Joined thread # 2
Joined thread # 3
Jun 28 17:15:44 ..... started sorting BAM
Max memory needed for sorting = 808
ALL DONE!
