                                 Started job on |	Jun 28 17:06:22
                             Started mapping on |	Jun 28 17:07:14
                                    Finished on |	Jun 28 17:07:18
       Mapping speed, Million of reads per hour |	0.03

                          Number of input reads |	28
                      Average input read length |	91
                                    UNIQUE READS:
                   Uniquely mapped reads number |	27
                        Uniquely mapped reads % |	96.43%
                          Average mapped length |	86.85
                       Number of splices: Total |	11
            Number of splices: Annotated (sjdb) |	10
                       Number of splices: GT/AG |	10
                       Number of splices: GC/AG |	0
                       Number of splices: AT/AC |	0
               Number of splices: Non-canonical |	1
                      Mismatch rate per base, % |	0.13%
                         Deletion rate per base |	0.00%
                        Deletion average length |	0.00
                        Insertion rate per base |	0.00%
                       Insertion average length |	0.00
                             MULTI-MAPPING READS:
        Number of reads mapped to multiple loci |	1
             % of reads mapped to multiple loci |	3.57%
        Number of reads mapped to too many loci |	0
             % of reads mapped to too many loci |	0.00%
                                  UNMAPPED READS:
       % of reads unmapped: too many mismatches |	0.00%
                 % of reads unmapped: too short |	0.00%
                     % of reads unmapped: other |	0.00%
                                  CHIMERIC READS:
                       Number of chimeric reads |	0
                            % of chimeric reads |	0.00%
