                                 Started job on |	Jun 28 17:02:30
                             Started mapping on |	Jun 28 17:03:25
                                    Finished on |	Jun 28 17:03:28
       Mapping speed, Million of reads per hour |	0.01

                          Number of input reads |	10
                      Average input read length |	91
                                    UNIQUE READS:
                   Uniquely mapped reads number |	9
                        Uniquely mapped reads % |	90.00%
                          Average mapped length |	87.67
                       Number of splices: Total |	2
            Number of splices: Annotated (sjdb) |	2
                       Number of splices: GT/AG |	2
                       Number of splices: GC/AG |	0
                       Number of splices: AT/AC |	0
               Number of splices: Non-canonical |	0
                      Mismatch rate per base, % |	0.13%
                         Deletion rate per base |	0.13%
                        Deletion average length |	1.00
                        Insertion rate per base |	0.00%
                       Insertion average length |	0.00
                             MULTI-MAPPING READS:
        Number of reads mapped to multiple loci |	1
             % of reads mapped to multiple loci |	10.00%
        Number of reads mapped to too many loci |	0
             % of reads mapped to too many loci |	0.00%
                                  UNMAPPED READS:
       % of reads unmapped: too many mismatches |	0.00%
                 % of reads unmapped: too short |	0.00%
                     % of reads unmapped: other |	0.00%
                                  CHIMERIC READS:
                       Number of chimeric reads |	0
                            % of chimeric reads |	0.00%
