                                 Started job on |	Jun 28 17:03:28
                             Started mapping on |	Jun 28 17:04:20
                                    Finished on |	Jun 28 17:04:23
       Mapping speed, Million of reads per hour |	0.02

                          Number of input reads |	15
                      Average input read length |	91
                                    UNIQUE READS:
                   Uniquely mapped reads number |	13
                        Uniquely mapped reads % |	86.67%
                          Average mapped length |	90.92
                       Number of splices: Total |	5
            Number of splices: Annotated (sjdb) |	5
                       Number of splices: GT/AG |	5
                       Number of splices: GC/AG |	0
                       Number of splices: AT/AC |	0
               Number of splices: Non-canonical |	0
                      Mismatch rate per base, % |	0.08%
                         Deletion rate per base |	0.00%
                        Deletion average length |	0.00
                        Insertion rate per base |	0.08%
                       Insertion average length |	1.00
                             MULTI-MAPPING READS:
        Number of reads mapped to multiple loci |	2
             % of reads mapped to multiple loci |	13.33%
        Number of reads mapped to too many loci |	0
             % of reads mapped to too many loci |	0.00%
                                  UNMAPPED READS:
       % of reads unmapped: too many mismatches |	0.00%
                 % of reads unmapped: too short |	0.00%
                     % of reads unmapped: other |	0.00%
                                  CHIMERIC READS:
                       Number of chimeric reads |	0
                            % of chimeric reads |	0.00%
