                                 Started job on |	Jun 28 17:05:20
                             Started mapping on |	Jun 28 17:06:18
                                    Finished on |	Jun 28 17:06:22
       Mapping speed, Million of reads per hour |	0.04

                          Number of input reads |	41
                      Average input read length |	91
                                    UNIQUE READS:
                   Uniquely mapped reads number |	37
                        Uniquely mapped reads % |	90.24%
                          Average mapped length |	85.35
                       Number of splices: Total |	9
            Number of splices: Annotated (sjdb) |	9
                       Number of splices: GT/AG |	9
                       Number of splices: GC/AG |	0
                       Number of splices: AT/AC |	0
               Number of splices: Non-canonical |	0
                      Mismatch rate per base, % |	0.47%
                         Deletion rate per base |	0.00%
                        Deletion average length |	0.00
                        Insertion rate per base |	0.00%
                       Insertion average length |	0.00
                             MULTI-MAPPING READS:
        Number of reads mapped to multiple loci |	2
             % of reads mapped to multiple loci |	4.88%
        Number of reads mapped to too many loci |	0
             % of reads mapped to too many loci |	0.00%
                                  UNMAPPED READS:
       % of reads unmapped: too many mismatches |	0.00%
                 % of reads unmapped: too short |	4.88%
                     % of reads unmapped: other |	0.00%
                                  CHIMERIC READS:
                       Number of chimeric reads |	0
                            % of chimeric reads |	0.00%
